<?xml version="1.0" encoding="UTF-8"?>
<!-- Generated by org.testng.reporters.JUnitReportReporter -->
<testsuite hostname="Ganesh" failures="0" tests="2" name="com.mystore.testcases.TC_MyAccountPageTest" time="22.108" errors="0" timestamp="2023-06-05T11:12:55 IST" skipped="0">
  <testcase classname="com.mystore.testcases.TC_MyAccountPageTest" name="VerifyRegistrationAndLogin" time="19.855"/>
  <system-out/>
  <testcase classname="com.mystore.testcases.TC_MyAccountPageTest" name="VerifyLogin" time="2.253"/>
  <system-out/>
</testsuite> <!-- com.mystore.testcases.TC_MyAccountPageTest -->
