<?xml version="1.0" encoding="UTF-8"?>
<!-- Generated by org.testng.reporters.JUnitReportReporter -->
<testsuite hostname="Ganesh" failures="0" tests="1" name="com.TestCases.MyTestCase1" time="0.796" errors="0" timestamp="2023-06-23T10:55:10 IST" skipped="0">
  <testcase classname="com.TestCases.MyTestCase1" name="VerifyLogin" time="0.796"/>
  <system-out/>
</testsuite> <!-- com.TestCases.MyTestCase1 -->
